<?xml version="1.0" encoding="UTF-8"?>
<testsuite xmlns:xsi="http://www.w3.org/2001/XMLSchema-instance" xsi:noNamespaceSchemaLocation="https://maven.apache.org/surefire/maven-surefire-plugin/xsd/surefire-test-report.xsd" name="jomuddlo.pbrain.AppTest" time="0.027" tests="1" errors="0" skipped="0" failures="0">
  <properties>
    <property name="java.specification.version" value="18"/>
    <property name="sun.cpu.isalist" value="amd64"/>
    <property name="sun.jnu.encoding" value="Cp1252"/>
    <property name="java.class.path" value="D:\pbrain\eclipsews\pbrain\target\test-classes;D:\pbrain\eclipsews\pbrain\target\classes;D:\pbrain\eclipsews\pbrain\library\beads.jar;D:\pbrain\eclipsews\pbrain\library\beads-io.jar;D:\pbrain\eclipsews\pbrain\library\jarjar-1.0.jar;D:\pbrain\eclipsews\pbrain\library\jl1.0.1.jar;D:\pbrain\eclipsews\pbrain\library\jna.jar;D:\pbrain\eclipsews\pbrain\library\org-jaudiolibs-audioservers.jar;D:\pbrain\eclipsews\pbrain\library\org-jaudiolibs-audioservers-jack.jar;D:\pbrain\eclipsews\pbrain\library\org-jaudiolibs-audioservers-javasound.jar;D:\pbrain\eclipsews\pbrain\library\org-jaudiolibs-jnajack.jar;D:\pbrain\eclipsews\pbrain\library\tools.jar;D:\pbrain\eclipsews\pbrain\library\tritonus_aos-0.3.6.jar;D:\pbrain\eclipsews\pbrain\library\tritonus_share.jar;D:\pbrain\eclipsews\pbrain\library\mp3spi1.9.4.jar;C:\Users\jim\.m2\repository\com\googlecode\soundlibs\jlayer\1.0.1.4\jlayer-1.0.1.4.jar;C:\Users\jim\.m2\repository\com\googlecode\soundlibs\jorbis\0.0.17.4\jorbis-0.0.17.4.jar;C:\Users\jim\.m2\repository\com\googlecode\soundlibs\vorbisspi\1.0.3.3\vorbisspi-1.0.3.3.jar;C:\Users\jim\.m2\repository\com\googlecode\soundlibs\tritonus-share\0.3.7.4\tritonus-share-0.3.7.4.jar;C:\Users\jim\.m2\repository\com\googlecode\soundlibs\basicplayer\3.0.0.0\basicplayer-3.0.0.0.jar;C:\Users\jim\.m2\repository\com\googlecode\soundlibs\mp3spi\1.9.5.4\mp3spi-1.9.5.4.jar;C:\Users\jim\.m2\repository\org\slf4j\slf4j-api\1.7.12\slf4j-api-1.7.12.jar;C:\Users\jim\.m2\repository\junit\junit\4.11\junit-4.11.jar;C:\Users\jim\.m2\repository\org\hamcrest\hamcrest-core\1.3\hamcrest-core-1.3.jar;"/>
    <property name="java.vm.vendor" value="Oracle Corporation"/>
    <property name="sun.arch.data.model" value="64"/>
    <property name="user.variant" value=""/>
    <property name="java.vendor.url" value="https://java.oracle.com/"/>
    <property name="user.timezone" value="Europe/London"/>
    <property name="os.name" value="Windows 10"/>
    <property name="java.vm.specification.version" value="18"/>
    <property name="sun.java.launcher" value="SUN_STANDARD"/>
    <property name="user.country" value="GB"/>
    <property name="sun.boot.library.path" value="D:\java\jdk-18\bin"/>
    <property name="sun.java.command" value="C:\Users\jim\AppData\Local\Temp\surefire8570796835561876972\surefirebooter543401580419525995.jar C:\Users\jim\AppData\Local\Temp\surefire8570796835561876972 2022-01-20T21-48-10_281-jvmRun1 surefire2082261912969958775tmp surefire_07180044970390913201tmp"/>
    <property name="jdk.debug" value="release"/>
    <property name="surefire.test.class.path" value="D:\pbrain\eclipsews\pbrain\target\test-classes;D:\pbrain\eclipsews\pbrain\target\classes;D:\pbrain\eclipsews\pbrain\library\beads.jar;D:\pbrain\eclipsews\pbrain\library\beads-io.jar;D:\pbrain\eclipsews\pbrain\library\jarjar-1.0.jar;D:\pbrain\eclipsews\pbrain\library\jl1.0.1.jar;D:\pbrain\eclipsews\pbrain\library\jna.jar;D:\pbrain\eclipsews\pbrain\library\org-jaudiolibs-audioservers.jar;D:\pbrain\eclipsews\pbrain\library\org-jaudiolibs-audioservers-jack.jar;D:\pbrain\eclipsews\pbrain\library\org-jaudiolibs-audioservers-javasound.jar;D:\pbrain\eclipsews\pbrain\library\org-jaudiolibs-jnajack.jar;D:\pbrain\eclipsews\pbrain\library\tools.jar;D:\pbrain\eclipsews\pbrain\library\tritonus_aos-0.3.6.jar;D:\pbrain\eclipsews\pbrain\library\tritonus_share.jar;D:\pbrain\eclipsews\pbrain\library\mp3spi1.9.4.jar;C:\Users\jim\.m2\repository\com\googlecode\soundlibs\jlayer\1.0.1.4\jlayer-1.0.1.4.jar;C:\Users\jim\.m2\repository\com\googlecode\soundlibs\jorbis\0.0.17.4\jorbis-0.0.17.4.jar;C:\Users\jim\.m2\repository\com\googlecode\soundlibs\vorbisspi\1.0.3.3\vorbisspi-1.0.3.3.jar;C:\Users\jim\.m2\repository\com\googlecode\soundlibs\tritonus-share\0.3.7.4\tritonus-share-0.3.7.4.jar;C:\Users\jim\.m2\repository\com\googlecode\soundlibs\basicplayer\3.0.0.0\basicplayer-3.0.0.0.jar;C:\Users\jim\.m2\repository\com\googlecode\soundlibs\mp3spi\1.9.5.4\mp3spi-1.9.5.4.jar;C:\Users\jim\.m2\repository\org\slf4j\slf4j-api\1.7.12\slf4j-api-1.7.12.jar;C:\Users\jim\.m2\repository\junit\junit\4.11\junit-4.11.jar;C:\Users\jim\.m2\repository\org\hamcrest\hamcrest-core\1.3\hamcrest-core-1.3.jar;"/>
    <property name="sun.cpu.endian" value="little"/>
    <property name="user.home" value="C:\Users\jim"/>
    <property name="user.language" value="en"/>
    <property name="java.specification.vendor" value="Oracle Corporation"/>
    <property name="java.version.date" value="2022-03-15"/>
    <property name="java.home" value="D:\java\jdk-18"/>
    <property name="file.separator" value="\"/>
    <property name="basedir" value="D:\pbrain\eclipsews\pbrain"/>
    <property name="java.vm.compressedOopsMode" value="32-bit"/>
    <property name="line.separator" value="&#10;"/>
    <property name="java.vm.specification.vendor" value="Oracle Corporation"/>
    <property name="java.specification.name" value="Java Platform API Specification"/>
    <property name="surefire.real.class.path" value="C:\Users\jim\AppData\Local\Temp\surefire8570796835561876972\surefirebooter543401580419525995.jar"/>
    <property name="user.script" value=""/>
    <property name="sun.management.compiler" value="HotSpot 64-Bit Tiered Compilers"/>
    <property name="java.runtime.version" value="18-loom+2-74"/>
    <property name="user.name" value="jim"/>
    <property name="path.separator" value=";"/>
    <property name="os.version" value="10.0"/>
    <property name="java.runtime.name" value="OpenJDK Runtime Environment"/>
    <property name="file.encoding" value="Cp1252"/>
    <property name="java.vm.name" value="OpenJDK 64-Bit Server VM"/>
    <property name="localRepository" value="C:\Users\jim\.m2\repository"/>
    <property name="java.vendor.url.bug" value="https://bugreport.java.com/bugreport/"/>
    <property name="java.io.tmpdir" value="C:\Users\jim\AppData\Local\Temp\"/>
    <property name="java.version" value="18-loom"/>
    <property name="user.dir" value="D:\pbrain\eclipsews\pbrain"/>
    <property name="os.arch" value="amd64"/>
    <property name="java.vm.specification.name" value="Java Virtual Machine Specification"/>
    <property name="sun.os.patch.level" value=""/>
    <property name="native.encoding" value="Cp1252"/>
    <property name="java.library.path" value="D:\java\jdk-18\bin;C:\WINDOWS\Sun\Java\bin;C:\WINDOWS\system32;C:\WINDOWS;C:\Program Files\Common Files\Oracle\Java\javapath;C:\Program Files (x86)\Intel\Intel(R) Management Engine Components\iCLS\;C:\Program Files\Intel\Intel(R) Management Engine Components\iCLS\;C:\windows\system32;C:\windows;C:\windows\System32\Wbem;C:\windows\System32\WindowsPowerShell\v1.0\;C:\windows\System32\OpenSSH\;C:\Program Files (x86)\Intel\Intel(R) Management Engine Components\DAL;C:\Program Files\Intel\Intel(R) Management Engine Components\DAL;C:\Program Files (x86)\NVIDIA Corporation\PhysX\Common;C:\Program Files\Intel\WiFi\bin\;C:\Program Files\Common Files\Intel\WirelessCommon\;C:\WINDOWS\system32;C:\WINDOWS;C:\WINDOWS\System32\Wbem;C:\WINDOWS\System32\WindowsPowerShell\v1.0\;C:\WINDOWS\System32\OpenSSH\;C:\dev\apache-maven-3.8.4\bin;C:\Program Files\Java\jdk-17.0.2\bin;C:\Program Files\Git\cmd;C:\Users\jim\AppData\Local\Microsoft\WindowsApps;;."/>
    <property name="java.vm.info" value="mixed mode, sharing"/>
    <property name="java.vendor" value="Oracle Corporation"/>
    <property name="java.vm.version" value="18-loom+2-74"/>
    <property name="sun.io.unicode.encoding" value="UnicodeLittle"/>
    <property name="java.class.version" value="62.0"/>
  </properties>
  <testcase name="shouldAnswerWithTrue" classname="jomuddlo.pbrain.AppTest" time="0.001"/>
</testsuite>